<?xml version="1.0" encoding="UTF-8"?>
<!-- Generated by org.testng.reporters.JUnitXMLReporter -->
<testsuite ignored="0" hostname="DESKTOP-M2RHSKU" failures="0" tests="2" name="Default test" time="26.396" errors="0" timestamp="2024-11-11T15:50:46 IST">
  <testcase classname="com.arieh.tests.Arieh_UAT_AddStockPageTest" name="testBalanceForNewStock" time="2.659"/>
  <testcase classname="com.arieh.tests.Arieh_UAT_AddStockPageTest" name="testOpeninForNewStock" time="2.232"/>
</testsuite> <!-- Default test -->
