<?xml version="1.0" encoding="UTF-8"?>
<!-- Generated by org.testng.reporters.JUnitXMLReporter -->
<testsuite ignored="7" hostname="DESKTOP-M2RHSKU" failures="9" tests="24" name="Test" time="264.522" errors="0" timestamp="2024-12-04T16:26:32 IST">
  <testcase classname="com.arieh.tests.Arieh_UAT_SupplierAddDispatchPageTest" name="@BeforeMethod preBase" time="18.119">
    <failure type="org.openqa.selenium.TimeoutException" message="Expected condition failed: waiting for presence of element located by: By.id: otp (tried for 10 second(s) with 500 milliseconds interval)">
      <![CDATA[org.openqa.selenium.TimeoutException: Expected condition failed: waiting for presence of element located by: By.id: otp (tried for 10 second(s) with 500 milliseconds interval)
at org.openqa.selenium.support.ui.WebDriverWait.timeoutException(WebDriverWait.java:84)
at org.openqa.selenium.support.ui.FluentWait.until(FluentWait.java:228)
at com.utils.WaitUtilities.waitForPresence(WaitUtilities.java:42)
at com.pages.Arieh_UAT_LoginPage.enterOtp(Arieh_UAT_LoginPage.java:97)
at com.pages.Arieh_UAT_LoginPage.loginToSupplierDashBoard(Arieh_UAT_LoginPage.java:122)
at com.arieh.tests.Arieh_UAT_SupplierAddDispatchPageTest.preBase(Arieh_UAT_SupplierAddDispatchPageTest.java:26)
at java.base/java.util.ArrayList.forEach(ArrayList.java:1511)
Caused by: org.openqa.selenium.NoSuchElementException: no such element: Unable to locate element: {"method":"css selector","selector":"#otp"}
  (Session info: chrome=131.0.6778.86)
For documentation on this error, please visit: https://www.selenium.dev/documentation/webdriver/troubleshooting/errors#no-such-element-exception
Build info: version: '4.26.0', revision: '8ccf0219d7'
System info: os.name: 'Windows 11', os.arch: 'amd64', os.version: '10.0', java.version: '17.0.8.1'
Driver info: org.openqa.selenium.chrome.ChromeDriver
Command: [749de91432bfc7c3deffb60d0a677f77, findElement {value=otp, using=id}]
Capabilities {acceptInsecureCerts: false, browserName: chrome, browserVersion: 131.0.6778.86, chrome: {chromedriverVersion: 131.0.6778.87 (ce31cae94873..., userDataDir: C:\Users\avisu\AppData\Loca...}, fedcm:accounts: true, goog:chromeOptions: {debuggerAddress: localhost:54432}, networkConnectionEnabled: false, pageLoadStrategy: normal, platformName: windows, proxy: Proxy(), se:cdp: ws://localhost:54432/devtoo..., se:cdpVersion: 131.0.6778.86, setWindowRect: true, strictFileInteractability: false, timeouts: {implicit: 0, pageLoad: 300000, script: 30000}, unhandledPromptBehavior: dismiss and notify, webauthn:extension:credBlob: true, webauthn:extension:largeBlob: true, webauthn:extension:minPinLength: true, webauthn:extension:prf: true, webauthn:virtualAuthenticators: true}
Session ID: 749de91432bfc7c3deffb60d0a677f77
at org.openqa.selenium.remote.ErrorCodec.decode(ErrorCodec.java:167)
at org.openqa.selenium.remote.codec.w3c.W3CHttpResponseCodec.decode(W3CHttpResponseCodec.java:138)
at org.openqa.selenium.remote.codec.w3c.W3CHttpResponseCodec.decode(W3CHttpResponseCodec.java:50)
at org.openqa.selenium.remote.HttpCommandExecutor.execute(HttpCommandExecutor.java:190)
at org.openqa.selenium.remote.service.DriverCommandExecutor.invokeExecute(DriverCommandExecutor.java:216)
at org.openqa.selenium.remote.service.DriverCommandExecutor.execute(DriverCommandExecutor.java:174)
at org.openqa.selenium.remote.RemoteWebDriver.execute(RemoteWebDriver.java:545)
at org.openqa.selenium.remote.ElementLocation$ElementFinder$2.findElement(ElementLocation.java:165)
at org.openqa.selenium.remote.ElementLocation.findElement(ElementLocation.java:59)
at org.openqa.selenium.remote.RemoteWebDriver.findElement(RemoteWebDriver.java:368)
at org.openqa.selenium.remote.RemoteWebDriver.findElement(RemoteWebDriver.java:362)
at org.openqa.selenium.support.ui.ExpectedConditions$6.apply(ExpectedConditions.java:171)
at org.openqa.selenium.support.ui.ExpectedConditions$6.apply(ExpectedConditions.java:168)
at org.openqa.selenium.support.ui.FluentWait.until(FluentWait.java:203)
... 36 more
... Removed 36 stack frames]]>
    </failure>
  </testcase> <!-- @BeforeMethod preBase -->
  <testcase classname="com.arieh.tests.Arieh_UAT_SupplierAddDispatchPageTest" name="@AfterMethod closeTest" time="0.0">
    <skipped/>
  </testcase> <!-- @AfterMethod closeTest -->
  <testcase classname="com.arieh.tests.Arieh_UAT_DispatchPageTest" name="TestWithAddStockMultiple" time="10.447">
    <failure type="org.openqa.selenium.TimeoutException" message="Expected condition failed: waiting for element to be clickable: By.id: dd_supplierName (tried for 10 second(s) with 500 milliseconds interval)
Build info: version: &amp;apos;4.26.0&amp;apos;, revision: &amp;apos;8ccf0219d7&amp;apos;
System info: os.name: &amp;apos;Windows 11&amp;apos;, os.arch: &amp;apos;amd64&amp;apos;, os.version: &amp;apos;10.0&amp;apos;, java.version: &amp;apos;17.0.8.1&amp;apos;
Driver info: org.openqa.selenium.chrome.ChromeDriver
Capabilities {acceptInsecureCerts: false, browserName: chrome, browserVersion: 131.0.6778.86, chrome: {chromedriverVersion: 131.0.6778.87 (ce31cae94873..., userDataDir: C:\Users\avisu\AppData\Loca...}, fedcm:accounts: true, goog:chromeOptions: {debuggerAddress: localhost:54275}, networkConnectionEnabled: false, pageLoadStrategy: normal, platformName: windows, proxy: Proxy(), se:cdp: ws://localhost:54275/devtoo..., se:cdpVersion: 131.0.6778.86, setWindowRect: true, strictFileInteractability: false, timeouts: {implicit: 0, pageLoad: 300000, script: 30000}, unhandledPromptBehavior: dismiss and notify, webauthn:extension:credBlob: true, webauthn:extension:largeBlob: true, webauthn:extension:minPinLength: true, webauthn:extension:prf: true, webauthn:virtualAuthenticators: true}
Session ID: 6bba2ce42b5b2a6f319f3e3134e27622">
      <![CDATA[org.openqa.selenium.TimeoutException: Expected condition failed: waiting for element to be clickable: By.id: dd_supplierName (tried for 10 second(s) with 500 milliseconds interval)
Build info: version: '4.26.0', revision: '8ccf0219d7'
System info: os.name: 'Windows 11', os.arch: 'amd64', os.version: '10.0', java.version: '17.0.8.1'
Driver info: org.openqa.selenium.chrome.ChromeDriver
Capabilities {acceptInsecureCerts: false, browserName: chrome, browserVersion: 131.0.6778.86, chrome: {chromedriverVersion: 131.0.6778.87 (ce31cae94873..., userDataDir: C:\Users\avisu\AppData\Loca...}, fedcm:accounts: true, goog:chromeOptions: {debuggerAddress: localhost:54275}, networkConnectionEnabled: false, pageLoadStrategy: normal, platformName: windows, proxy: Proxy(), se:cdp: ws://localhost:54275/devtoo..., se:cdpVersion: 131.0.6778.86, setWindowRect: true, strictFileInteractability: false, timeouts: {implicit: 0, pageLoad: 300000, script: 30000}, unhandledPromptBehavior: dismiss and notify, webauthn:extension:credBlob: true, webauthn:extension:largeBlob: true, webauthn:extension:minPinLength: true, webauthn:extension:prf: true, webauthn:virtualAuthenticators: true}
Session ID: 6bba2ce42b5b2a6f319f3e3134e27622
at org.openqa.selenium.support.ui.WebDriverWait.timeoutException(WebDriverWait.java:84)
at org.openqa.selenium.support.ui.FluentWait.until(FluentWait.java:228)
at com.utils.WaitUtilities.elementToBeClickable(WaitUtilities.java:17)
at com.pages.Arieh_UAT_AddStockPage.selectSupplierOne(Arieh_UAT_AddStockPage.java:70)
at com.pages.Arieh_UAT_AddStockPage.AddStockAndSubmitOne(Arieh_UAT_AddStockPage.java:170)
at com.pages.Arieh_UAT_DispatchPage.clickOnAddStockOnSamePage(Arieh_UAT_DispatchPage.java:45)
at com.arieh.tests.Arieh_UAT_DispatchPageTest.TestWithAddStockMultiple(Arieh_UAT_DispatchPageTest.java:37)
at java.base/java.util.ArrayList.forEach(ArrayList.java:1511)
... Removed 27 stack frames]]>
    </failure>
  </testcase> <!-- TestWithAddStockMultiple -->
  <testcase classname="com.arieh.tests.Arieh_UAT_AddStockPageTest" name="testAddStock3" time="1.05">
    <failure type="org.openqa.selenium.ElementClickInterceptedException" message="element click intercepted: Element &amp;lt;button _ngcontent-ng-c617464978=&amp;quot;&amp;quot; type=&amp;quot;button&amp;quot; id=&amp;quot;bt_next&amp;quot; data-bs-toggle=&amp;quot;modal&amp;quot; data-bs-target=&amp;quot;#AddStockModal&amp;quot; class=&amp;quot;button-submit button-right&amp;quot;&amp;gt;...&amp;lt;/button&amp;gt; is not clickable at point (1437, 170). Other element would receive the click: &amp;lt;input _ngcontent-ng-c617464978=&amp;quot;&amp;quot; formcontrolname=&amp;quot;txt_sd&amp;quot; name=&amp;quot;txt_sd&amp;quot; id=&amp;quot;txt_sd&amp;quot; type=&amp;quot;date&amp;quot; maxlength=&amp;quot;50&amp;quot; min=&amp;quot;1950-01-01&amp;quot; class=&amp;quot;input-text ng-untouched ng-pristine ng-invalid&amp;quot; max=&amp;quot;2024-12-04&amp;quot;&amp;gt;
  (Session info: chrome=131.0.6778.86)
Build info: version: &amp;apos;4.26.0&amp;apos;, revision: &amp;apos;8ccf0219d7&amp;apos;
System info: os.name: &amp;apos;Windows 11&amp;apos;, os.arch: &amp;apos;amd64&amp;apos;, os.version: &amp;apos;10.0&amp;apos;, java.version: &amp;apos;17.0.8.1&amp;apos;
Driver info: org.openqa.selenium.chrome.ChromeDriver
Command: [75585553973afd3c31a3d986d71e522d, clickElement {id=f.22B632CDCFCFF0BA1E9D67C33BDAE841.d.F2930EC853EF2BB121EBC9824790B9C1.e.103}]
Capabilities {acceptInsecureCerts: false, browserName: chrome, browserVersion: 131.0.6778.86, chrome: {chromedriverVersion: 131.0.6778.87 (ce31cae94873..., userDataDir: C:\Users\avisu\AppData\Loca...}, fedcm:accounts: true, goog:chromeOptions: {debuggerAddress: localhost:54324}, networkConnectionEnabled: false, pageLoadStrategy: normal, platformName: windows, proxy: Proxy(), se:cdp: ws://localhost:54324/devtoo..., se:cdpVersion: 131.0.6778.86, setWindowRect: true, strictFileInteractability: false, timeouts: {implicit: 0, pageLoad: 300000, script: 30000}, unhandledPromptBehavior: dismiss and notify, webauthn:extension:credBlob: true, webauthn:extension:largeBlob: true, webauthn:extension:minPinLength: true, webauthn:extension:prf: true, webauthn:virtualAuthenticators: true}
Element: [[ChromeDriver: chrome on windows (75585553973afd3c31a3d986d71e522d)] -&amp;gt; id: bt_next]
Session ID: 75585553973afd3c31a3d986d71e522d">
      <![CDATA[org.openqa.selenium.ElementClickInterceptedException: element click intercepted: Element <button _ngcontent-ng-c617464978="" type="button" id="bt_next" data-bs-toggle="modal" data-bs-target="#AddStockModal" class="button-submit button-right">...</button> is not clickable at point (1437, 170). Other element would receive the click: <input _ngcontent-ng-c617464978="" formcontrolname="txt_sd" name="txt_sd" id="txt_sd" type="date" maxlength="50" min="1950-01-01" class="input-text ng-untouched ng-pristine ng-invalid" max="2024-12-04">
  (Session info: chrome=131.0.6778.86)
Build info: version: '4.26.0', revision: '8ccf0219d7'
System info: os.name: 'Windows 11', os.arch: 'amd64', os.version: '10.0', java.version: '17.0.8.1'
Driver info: org.openqa.selenium.chrome.ChromeDriver
Command: [75585553973afd3c31a3d986d71e522d, clickElement {id=f.22B632CDCFCFF0BA1E9D67C33BDAE841.d.F2930EC853EF2BB121EBC9824790B9C1.e.103}]
Capabilities {acceptInsecureCerts: false, browserName: chrome, browserVersion: 131.0.6778.86, chrome: {chromedriverVersion: 131.0.6778.87 (ce31cae94873..., userDataDir: C:\Users\avisu\AppData\Loca...}, fedcm:accounts: true, goog:chromeOptions: {debuggerAddress: localhost:54324}, networkConnectionEnabled: false, pageLoadStrategy: normal, platformName: windows, proxy: Proxy(), se:cdp: ws://localhost:54324/devtoo..., se:cdpVersion: 131.0.6778.86, setWindowRect: true, strictFileInteractability: false, timeouts: {implicit: 0, pageLoad: 300000, script: 30000}, unhandledPromptBehavior: dismiss and notify, webauthn:extension:credBlob: true, webauthn:extension:largeBlob: true, webauthn:extension:minPinLength: true, webauthn:extension:prf: true, webauthn:virtualAuthenticators: true}
Element: [[ChromeDriver: chrome on windows (75585553973afd3c31a3d986d71e522d)] -> id: bt_next]
Session ID: 75585553973afd3c31a3d986d71e522d
at org.openqa.selenium.remote.ErrorCodec.decode(ErrorCodec.java:167)
at org.openqa.selenium.remote.codec.w3c.W3CHttpResponseCodec.decode(W3CHttpResponseCodec.java:138)
at org.openqa.selenium.remote.codec.w3c.W3CHttpResponseCodec.decode(W3CHttpResponseCodec.java:50)
at org.openqa.selenium.remote.HttpCommandExecutor.execute(HttpCommandExecutor.java:190)
at org.openqa.selenium.remote.service.DriverCommandExecutor.invokeExecute(DriverCommandExecutor.java:216)
at org.openqa.selenium.remote.service.DriverCommandExecutor.execute(DriverCommandExecutor.java:174)
at org.openqa.selenium.remote.RemoteWebDriver.execute(RemoteWebDriver.java:545)
at org.openqa.selenium.remote.RemoteWebElement.execute(RemoteWebElement.java:223)
at org.openqa.selenium.remote.RemoteWebElement.click(RemoteWebElement.java:76)
at com.pages.Arieh_UAT_AddStockPage.clickOnAddStock1(Arieh_UAT_AddStockPage.java:180)
at com.pages.Arieh_UAT_AddStockPage.AddStockAndSubmitThree(Arieh_UAT_AddStockPage.java:203)
at com.arieh.tests.Arieh_UAT_AddStockPageTest.testAddStock3(Arieh_UAT_AddStockPageTest.java:119)
at java.base/java.util.ArrayList.forEach(ArrayList.java:1511)
... Removed 32 stack frames]]>
    </failure>
  </testcase> <!-- testAddStock3 -->
  <testcase classname="com.arieh.tests.Arieh_UAT_AddStockPageTest" name="testAddStock4" time="1.11">
    <failure type="org.openqa.selenium.ElementClickInterceptedException" message="element click intercepted: Element &amp;lt;button _ngcontent-ng-c617464978=&amp;quot;&amp;quot; type=&amp;quot;button&amp;quot; id=&amp;quot;bt_next&amp;quot; data-bs-toggle=&amp;quot;modal&amp;quot; data-bs-target=&amp;quot;#AddStockModal&amp;quot; class=&amp;quot;button-submit button-right&amp;quot;&amp;gt;...&amp;lt;/button&amp;gt; is not clickable at point (1437, 170). Other element would receive the click: &amp;lt;input _ngcontent-ng-c617464978=&amp;quot;&amp;quot; formcontrolname=&amp;quot;txt_sd&amp;quot; name=&amp;quot;txt_sd&amp;quot; id=&amp;quot;txt_sd&amp;quot; type=&amp;quot;date&amp;quot; maxlength=&amp;quot;50&amp;quot; min=&amp;quot;1950-01-01&amp;quot; class=&amp;quot;input-text ng-untouched ng-pristine ng-invalid&amp;quot; max=&amp;quot;2024-12-04&amp;quot;&amp;gt;
  (Session info: chrome=131.0.6778.86)
Build info: version: &amp;apos;4.26.0&amp;apos;, revision: &amp;apos;8ccf0219d7&amp;apos;
System info: os.name: &amp;apos;Windows 11&amp;apos;, os.arch: &amp;apos;amd64&amp;apos;, os.version: &amp;apos;10.0&amp;apos;, java.version: &amp;apos;17.0.8.1&amp;apos;
Driver info: org.openqa.selenium.chrome.ChromeDriver
Command: [23c0d02fb5373e33458e00009cd795fc, clickElement {id=f.4A7D27F9A6FD9E5AF9DB941B19C72133.d.05F9B22EA4C2D9C0F58EC8FFE154F156.e.102}]
Capabilities {acceptInsecureCerts: false, browserName: chrome, browserVersion: 131.0.6778.86, chrome: {chromedriverVersion: 131.0.6778.87 (ce31cae94873..., userDataDir: C:\Users\avisu\AppData\Loca...}, fedcm:accounts: true, goog:chromeOptions: {debuggerAddress: localhost:54358}, networkConnectionEnabled: false, pageLoadStrategy: normal, platformName: windows, proxy: Proxy(), se:cdp: ws://localhost:54358/devtoo..., se:cdpVersion: 131.0.6778.86, setWindowRect: true, strictFileInteractability: false, timeouts: {implicit: 0, pageLoad: 300000, script: 30000}, unhandledPromptBehavior: dismiss and notify, webauthn:extension:credBlob: true, webauthn:extension:largeBlob: true, webauthn:extension:minPinLength: true, webauthn:extension:prf: true, webauthn:virtualAuthenticators: true}
Element: [[ChromeDriver: chrome on windows (23c0d02fb5373e33458e00009cd795fc)] -&amp;gt; id: bt_next]
Session ID: 23c0d02fb5373e33458e00009cd795fc">
      <![CDATA[org.openqa.selenium.ElementClickInterceptedException: element click intercepted: Element <button _ngcontent-ng-c617464978="" type="button" id="bt_next" data-bs-toggle="modal" data-bs-target="#AddStockModal" class="button-submit button-right">...</button> is not clickable at point (1437, 170). Other element would receive the click: <input _ngcontent-ng-c617464978="" formcontrolname="txt_sd" name="txt_sd" id="txt_sd" type="date" maxlength="50" min="1950-01-01" class="input-text ng-untouched ng-pristine ng-invalid" max="2024-12-04">
  (Session info: chrome=131.0.6778.86)
Build info: version: '4.26.0', revision: '8ccf0219d7'
System info: os.name: 'Windows 11', os.arch: 'amd64', os.version: '10.0', java.version: '17.0.8.1'
Driver info: org.openqa.selenium.chrome.ChromeDriver
Command: [23c0d02fb5373e33458e00009cd795fc, clickElement {id=f.4A7D27F9A6FD9E5AF9DB941B19C72133.d.05F9B22EA4C2D9C0F58EC8FFE154F156.e.102}]
Capabilities {acceptInsecureCerts: false, browserName: chrome, browserVersion: 131.0.6778.86, chrome: {chromedriverVersion: 131.0.6778.87 (ce31cae94873..., userDataDir: C:\Users\avisu\AppData\Loca...}, fedcm:accounts: true, goog:chromeOptions: {debuggerAddress: localhost:54358}, networkConnectionEnabled: false, pageLoadStrategy: normal, platformName: windows, proxy: Proxy(), se:cdp: ws://localhost:54358/devtoo..., se:cdpVersion: 131.0.6778.86, setWindowRect: true, strictFileInteractability: false, timeouts: {implicit: 0, pageLoad: 300000, script: 30000}, unhandledPromptBehavior: dismiss and notify, webauthn:extension:credBlob: true, webauthn:extension:largeBlob: true, webauthn:extension:minPinLength: true, webauthn:extension:prf: true, webauthn:virtualAuthenticators: true}
Element: [[ChromeDriver: chrome on windows (23c0d02fb5373e33458e00009cd795fc)] -> id: bt_next]
Session ID: 23c0d02fb5373e33458e00009cd795fc
at org.openqa.selenium.remote.ErrorCodec.decode(ErrorCodec.java:167)
at org.openqa.selenium.remote.codec.w3c.W3CHttpResponseCodec.decode(W3CHttpResponseCodec.java:138)
at org.openqa.selenium.remote.codec.w3c.W3CHttpResponseCodec.decode(W3CHttpResponseCodec.java:50)
at org.openqa.selenium.remote.HttpCommandExecutor.execute(HttpCommandExecutor.java:190)
at org.openqa.selenium.remote.service.DriverCommandExecutor.invokeExecute(DriverCommandExecutor.java:216)
at org.openqa.selenium.remote.service.DriverCommandExecutor.execute(DriverCommandExecutor.java:174)
at org.openqa.selenium.remote.RemoteWebDriver.execute(RemoteWebDriver.java:545)
at org.openqa.selenium.remote.RemoteWebElement.execute(RemoteWebElement.java:223)
at org.openqa.selenium.remote.RemoteWebElement.click(RemoteWebElement.java:76)
at com.pages.Arieh_UAT_AddStockPage.clickOnAddStock1(Arieh_UAT_AddStockPage.java:180)
at com.pages.Arieh_UAT_AddStockPage.AddStockAndSubmitFour(Arieh_UAT_AddStockPage.java:212)
at com.arieh.tests.Arieh_UAT_AddStockPageTest.testAddStock4(Arieh_UAT_AddStockPageTest.java:127)
at java.base/java.util.ArrayList.forEach(ArrayList.java:1511)
... Removed 32 stack frames]]>
    </failure>
  </testcase> <!-- testAddStock4 -->
  <testcase classname="com.arieh.tests.Arieh_UAT_AddStockPageTest" name="testAddStockCode" time="2.971">
    <failure type="java.lang.AssertionError" message="Stock code does not match the expected value. expected [788888241203] but found [1111111241206]">
      <![CDATA[java.lang.AssertionError: Stock code does not match the expected value. expected [788888241203] but found [1111111241206]
at com.arieh.tests.Arieh_UAT_AddStockPageTest.testAddStockCode(Arieh_UAT_AddStockPageTest.java:70)
at java.base/java.util.ArrayList.forEach(ArrayList.java:1511)
... Removed 33 stack frames]]>
    </failure>
  </testcase> <!-- testAddStockCode -->
  <testcase classname="com.arieh.tests.Arieh_UAT_SupplierAddDispatchPageTest" name="testWithAddDispaptch" time="0.0">
    <skipped/>
  </testcase> <!-- testWithAddDispaptch -->
  <testcase classname="com.arieh.tests.Arieh_UAT_AddStockPageTest" name="testBalanceForNewStock" time="2.219"/>
  <testcase classname="com.arieh.tests.Arieh_UAT_AddStockPageTest" name="testOpeningForNewStock" time="1.101">
    <failure type="org.openqa.selenium.ElementClickInterceptedException" message="element click intercepted: Element &amp;lt;button _ngcontent-ng-c617464978=&amp;quot;&amp;quot; type=&amp;quot;button&amp;quot; id=&amp;quot;bt_next&amp;quot; data-bs-toggle=&amp;quot;modal&amp;quot; data-bs-target=&amp;quot;#AddStockModal&amp;quot; class=&amp;quot;button-submit button-right&amp;quot;&amp;gt;...&amp;lt;/button&amp;gt; is not clickable at point (1437, 170). Other element would receive the click: &amp;lt;input _ngcontent-ng-c617464978=&amp;quot;&amp;quot; formcontrolname=&amp;quot;txt_sd&amp;quot; name=&amp;quot;txt_sd&amp;quot; id=&amp;quot;txt_sd&amp;quot; type=&amp;quot;date&amp;quot; maxlength=&amp;quot;50&amp;quot; min=&amp;quot;1950-01-01&amp;quot; class=&amp;quot;input-text ng-untouched ng-pristine ng-invalid&amp;quot; max=&amp;quot;2024-12-04&amp;quot;&amp;gt;
  (Session info: chrome=131.0.6778.86)
Build info: version: &amp;apos;4.26.0&amp;apos;, revision: &amp;apos;8ccf0219d7&amp;apos;
System info: os.name: &amp;apos;Windows 11&amp;apos;, os.arch: &amp;apos;amd64&amp;apos;, os.version: &amp;apos;10.0&amp;apos;, java.version: &amp;apos;17.0.8.1&amp;apos;
Driver info: org.openqa.selenium.chrome.ChromeDriver
Command: [a78967b994246fc873ec4418cad36922, clickElement {id=f.32011BDFED0B958EFEAC3764B4AAB504.d.124A6120448661248059C57D72490A85.e.93}]
Capabilities {acceptInsecureCerts: false, browserName: chrome, browserVersion: 131.0.6778.86, chrome: {chromedriverVersion: 131.0.6778.87 (ce31cae94873..., userDataDir: C:\Users\avisu\AppData\Loca...}, fedcm:accounts: true, goog:chromeOptions: {debuggerAddress: localhost:54502}, networkConnectionEnabled: false, pageLoadStrategy: normal, platformName: windows, proxy: Proxy(), se:cdp: ws://localhost:54502/devtoo..., se:cdpVersion: 131.0.6778.86, setWindowRect: true, strictFileInteractability: false, timeouts: {implicit: 0, pageLoad: 300000, script: 30000}, unhandledPromptBehavior: dismiss and notify, webauthn:extension:credBlob: true, webauthn:extension:largeBlob: true, webauthn:extension:minPinLength: true, webauthn:extension:prf: true, webauthn:virtualAuthenticators: true}
Element: [[ChromeDriver: chrome on windows (a78967b994246fc873ec4418cad36922)] -&amp;gt; id: bt_next]
Session ID: a78967b994246fc873ec4418cad36922">
      <![CDATA[org.openqa.selenium.ElementClickInterceptedException: element click intercepted: Element <button _ngcontent-ng-c617464978="" type="button" id="bt_next" data-bs-toggle="modal" data-bs-target="#AddStockModal" class="button-submit button-right">...</button> is not clickable at point (1437, 170). Other element would receive the click: <input _ngcontent-ng-c617464978="" formcontrolname="txt_sd" name="txt_sd" id="txt_sd" type="date" maxlength="50" min="1950-01-01" class="input-text ng-untouched ng-pristine ng-invalid" max="2024-12-04">
  (Session info: chrome=131.0.6778.86)
Build info: version: '4.26.0', revision: '8ccf0219d7'
System info: os.name: 'Windows 11', os.arch: 'amd64', os.version: '10.0', java.version: '17.0.8.1'
Driver info: org.openqa.selenium.chrome.ChromeDriver
Command: [a78967b994246fc873ec4418cad36922, clickElement {id=f.32011BDFED0B958EFEAC3764B4AAB504.d.124A6120448661248059C57D72490A85.e.93}]
Capabilities {acceptInsecureCerts: false, browserName: chrome, browserVersion: 131.0.6778.86, chrome: {chromedriverVersion: 131.0.6778.87 (ce31cae94873..., userDataDir: C:\Users\avisu\AppData\Loca...}, fedcm:accounts: true, goog:chromeOptions: {debuggerAddress: localhost:54502}, networkConnectionEnabled: false, pageLoadStrategy: normal, platformName: windows, proxy: Proxy(), se:cdp: ws://localhost:54502/devtoo..., se:cdpVersion: 131.0.6778.86, setWindowRect: true, strictFileInteractability: false, timeouts: {implicit: 0, pageLoad: 300000, script: 30000}, unhandledPromptBehavior: dismiss and notify, webauthn:extension:credBlob: true, webauthn:extension:largeBlob: true, webauthn:extension:minPinLength: true, webauthn:extension:prf: true, webauthn:virtualAuthenticators: true}
Element: [[ChromeDriver: chrome on windows (a78967b994246fc873ec4418cad36922)] -> id: bt_next]
Session ID: a78967b994246fc873ec4418cad36922
at org.openqa.selenium.remote.ErrorCodec.decode(ErrorCodec.java:167)
at org.openqa.selenium.remote.codec.w3c.W3CHttpResponseCodec.decode(W3CHttpResponseCodec.java:138)
at org.openqa.selenium.remote.codec.w3c.W3CHttpResponseCodec.decode(W3CHttpResponseCodec.java:50)
at org.openqa.selenium.remote.HttpCommandExecutor.execute(HttpCommandExecutor.java:190)
at org.openqa.selenium.remote.service.DriverCommandExecutor.invokeExecute(DriverCommandExecutor.java:216)
at org.openqa.selenium.remote.service.DriverCommandExecutor.execute(DriverCommandExecutor.java:174)
at org.openqa.selenium.remote.RemoteWebDriver.execute(RemoteWebDriver.java:545)
at org.openqa.selenium.remote.RemoteWebElement.execute(RemoteWebElement.java:223)
at org.openqa.selenium.remote.RemoteWebElement.click(RemoteWebElement.java:76)
at com.pages.Arieh_UAT_AddStockPage.clickOnAddStock1(Arieh_UAT_AddStockPage.java:180)
at com.pages.Arieh_UAT_AddStockPage.AddStockAndSubmitTwo(Arieh_UAT_AddStockPage.java:194)
at com.arieh.tests.Arieh_UAT_AddStockPageTest.testOpeningForNewStock(Arieh_UAT_AddStockPageTest.java:97)
at java.base/java.util.ArrayList.forEach(ArrayList.java:1511)
... Removed 32 stack frames]]>
    </failure>
  </testcase> <!-- testOpeningForNewStock -->
  <testcase classname="com.arieh.tests.Arieh_UAT_AddStockPageTest" name="testWithSecondRow" time="0.366"/>
  <testcase classname="com.arieh.tests.Arieh_UAT_ResidualPageTest" name="testDeleteStockAndDispatch" time="0.551"/>
  <testcase classname="com.arieh.tests.Arieh_UAT_ResidualPageTest" name="testWithOtpRetireve" time="1.744"/>
  <testcase classname="com.arieh.tests.Arieh_UAT_MulitpleAddStockPageTest" name="testWithAddMulitpleStock" time="28.483"/>
  <testcase classname="com.arieh.tests.Arieh_UAT_MulitpleAddStockPageTest" name="testWithUploadExcelForAddStock" time="9.218"/>
  <testcase classname="com.arieh.tests.Arieh_UAT_AddDispatchPageTest" name="testWithAddDispatch" time="12.909">
    <failure type="org.openqa.selenium.NoSuchElementException" message="no such element: Unable to locate element: {&amp;quot;method&amp;quot;:&amp;quot;xpath&amp;quot;,&amp;quot;selector&amp;quot;:&amp;quot;//th[normalize-space()=&amp;apos;Action&amp;apos;]&amp;quot;}
  (Session info: chrome=131.0.6778.86)
For documentation on this error, please visit: https://www.selenium.dev/documentation/webdriver/troubleshooting/errors#no-such-element-exception
Build info: version: &amp;apos;4.26.0&amp;apos;, revision: &amp;apos;8ccf0219d7&amp;apos;
System info: os.name: &amp;apos;Windows 11&amp;apos;, os.arch: &amp;apos;amd64&amp;apos;, os.version: &amp;apos;10.0&amp;apos;, java.version: &amp;apos;17.0.8.1&amp;apos;
Driver info: org.openqa.selenium.chrome.ChromeDriver
Command: [187c9bcf5b36a5e685686698e20ee145, findElement {value=//th[normalize-space()=&amp;apos;Action&amp;apos;], using=xpath}]
Capabilities {acceptInsecureCerts: false, browserName: chrome, browserVersion: 131.0.6778.86, chrome: {chromedriverVersion: 131.0.6778.87 (ce31cae94873..., userDataDir: C:\Users\avisu\AppData\Loca...}, fedcm:accounts: true, goog:chromeOptions: {debuggerAddress: localhost:54699}, networkConnectionEnabled: false, pageLoadStrategy: normal, platformName: windows, proxy: Proxy(), se:cdp: ws://localhost:54699/devtoo..., se:cdpVersion: 131.0.6778.86, setWindowRect: true, strictFileInteractability: false, timeouts: {implicit: 0, pageLoad: 300000, script: 30000}, unhandledPromptBehavior: dismiss and notify, webauthn:extension:credBlob: true, webauthn:extension:largeBlob: true, webauthn:extension:minPinLength: true, webauthn:extension:prf: true, webauthn:virtualAuthenticators: true}
Session ID: 187c9bcf5b36a5e685686698e20ee145">
      <![CDATA[org.openqa.selenium.NoSuchElementException: no such element: Unable to locate element: {"method":"xpath","selector":"//th[normalize-space()='Action']"}
  (Session info: chrome=131.0.6778.86)
For documentation on this error, please visit: https://www.selenium.dev/documentation/webdriver/troubleshooting/errors#no-such-element-exception
Build info: version: '4.26.0', revision: '8ccf0219d7'
System info: os.name: 'Windows 11', os.arch: 'amd64', os.version: '10.0', java.version: '17.0.8.1'
Driver info: org.openqa.selenium.chrome.ChromeDriver
Command: [187c9bcf5b36a5e685686698e20ee145, findElement {value=//th[normalize-space()='Action'], using=xpath}]
Capabilities {acceptInsecureCerts: false, browserName: chrome, browserVersion: 131.0.6778.86, chrome: {chromedriverVersion: 131.0.6778.87 (ce31cae94873..., userDataDir: C:\Users\avisu\AppData\Loca...}, fedcm:accounts: true, goog:chromeOptions: {debuggerAddress: localhost:54699}, networkConnectionEnabled: false, pageLoadStrategy: normal, platformName: windows, proxy: Proxy(), se:cdp: ws://localhost:54699/devtoo..., se:cdpVersion: 131.0.6778.86, setWindowRect: true, strictFileInteractability: false, timeouts: {implicit: 0, pageLoad: 300000, script: 30000}, unhandledPromptBehavior: dismiss and notify, webauthn:extension:credBlob: true, webauthn:extension:largeBlob: true, webauthn:extension:minPinLength: true, webauthn:extension:prf: true, webauthn:virtualAuthenticators: true}
Session ID: 187c9bcf5b36a5e685686698e20ee145
at org.openqa.selenium.remote.ErrorCodec.decode(ErrorCodec.java:167)
at org.openqa.selenium.remote.codec.w3c.W3CHttpResponseCodec.decode(W3CHttpResponseCodec.java:138)
at org.openqa.selenium.remote.codec.w3c.W3CHttpResponseCodec.decode(W3CHttpResponseCodec.java:50)
at org.openqa.selenium.remote.HttpCommandExecutor.execute(HttpCommandExecutor.java:190)
at org.openqa.selenium.remote.service.DriverCommandExecutor.invokeExecute(DriverCommandExecutor.java:216)
at org.openqa.selenium.remote.service.DriverCommandExecutor.execute(DriverCommandExecutor.java:174)
at org.openqa.selenium.remote.RemoteWebDriver.execute(RemoteWebDriver.java:545)
at org.openqa.selenium.remote.ElementLocation$ElementFinder$2.findElement(ElementLocation.java:165)
at org.openqa.selenium.remote.ElementLocation.findElement(ElementLocation.java:59)
at org.openqa.selenium.remote.RemoteWebDriver.findElement(RemoteWebDriver.java:368)
at org.openqa.selenium.remote.RemoteWebDriver.findElement(RemoteWebDriver.java:362)
at com.arieh.tests.Arieh_UAT_AddDispatchPageTest.testWithAddDispatch(Arieh_UAT_AddDispatchPageTest.java:42)
at java.base/java.util.ArrayList.forEach(ArrayList.java:1511)
... Removed 32 stack frames]]>
    </failure>
  </testcase> <!-- testWithAddDispatch -->
  <testcase classname="com.arieh.tests.Arieh_UAT_LoginPageTest" name="testEmptyCredentials" time="0.143"/>
  <testcase classname="com.arieh.tests.Arieh_UAT_LoginPageTest" name="testEmptyPassword" time="0.165"/>
  <testcase classname="com.arieh.tests.Arieh_UAT_LoginPageTest" name="testEmptyUsername" time="0.187"/>
  <testcase classname="com.arieh.tests.Arieh_UAT_LoginPageTest" name="testInvalidCredentials" time="0.333"/>
  <testcase classname="com.arieh.tests.Arieh_UAT_LoginPageTest" name="testSpecialCharactersInCredentials" time="10.511">
    <failure type="org.openqa.selenium.TimeoutException" message="Expected condition failed: waiting for element to no longer be visible: By.id: Home (tried for 10 second(s) with 500 milliseconds interval)
Build info: version: &amp;apos;4.26.0&amp;apos;, revision: &amp;apos;8ccf0219d7&amp;apos;
System info: os.name: &amp;apos;Windows 11&amp;apos;, os.arch: &amp;apos;amd64&amp;apos;, os.version: &amp;apos;10.0&amp;apos;, java.version: &amp;apos;17.0.8.1&amp;apos;
Driver info: org.openqa.selenium.chrome.ChromeDriver
Capabilities {acceptInsecureCerts: false, browserName: chrome, browserVersion: 131.0.6778.86, chrome: {chromedriverVersion: 131.0.6778.87 (ce31cae94873..., userDataDir: C:\Users\avisu\AppData\Loca...}, fedcm:accounts: true, goog:chromeOptions: {debuggerAddress: localhost:54833}, networkConnectionEnabled: false, pageLoadStrategy: normal, platformName: windows, proxy: Proxy(), se:cdp: ws://localhost:54833/devtoo..., se:cdpVersion: 131.0.6778.86, setWindowRect: true, strictFileInteractability: false, timeouts: {implicit: 0, pageLoad: 300000, script: 30000}, unhandledPromptBehavior: dismiss and notify, webauthn:extension:credBlob: true, webauthn:extension:largeBlob: true, webauthn:extension:minPinLength: true, webauthn:extension:prf: true, webauthn:virtualAuthenticators: true}
Session ID: 0272b7bede2423933fc7ab4f8dd34f5d">
      <![CDATA[org.openqa.selenium.TimeoutException: Expected condition failed: waiting for element to no longer be visible: By.id: Home (tried for 10 second(s) with 500 milliseconds interval)
Build info: version: '4.26.0', revision: '8ccf0219d7'
System info: os.name: 'Windows 11', os.arch: 'amd64', os.version: '10.0', java.version: '17.0.8.1'
Driver info: org.openqa.selenium.chrome.ChromeDriver
Capabilities {acceptInsecureCerts: false, browserName: chrome, browserVersion: 131.0.6778.86, chrome: {chromedriverVersion: 131.0.6778.87 (ce31cae94873..., userDataDir: C:\Users\avisu\AppData\Loca...}, fedcm:accounts: true, goog:chromeOptions: {debuggerAddress: localhost:54833}, networkConnectionEnabled: false, pageLoadStrategy: normal, platformName: windows, proxy: Proxy(), se:cdp: ws://localhost:54833/devtoo..., se:cdpVersion: 131.0.6778.86, setWindowRect: true, strictFileInteractability: false, timeouts: {implicit: 0, pageLoad: 300000, script: 30000}, unhandledPromptBehavior: dismiss and notify, webauthn:extension:credBlob: true, webauthn:extension:largeBlob: true, webauthn:extension:minPinLength: true, webauthn:extension:prf: true, webauthn:virtualAuthenticators: true}
Session ID: 0272b7bede2423933fc7ab4f8dd34f5d
at org.openqa.selenium.support.ui.WebDriverWait.timeoutException(WebDriverWait.java:84)
at org.openqa.selenium.support.ui.FluentWait.until(FluentWait.java:228)
at com.utils.WaitUtilities.waitForInvisibility(WaitUtilities.java:37)
at com.arieh.tests.Arieh_UAT_LoginPageTest.testSpecialCharactersInCredentials(Arieh_UAT_LoginPageTest.java:98)
at java.base/java.util.ArrayList.forEach(ArrayList.java:1511)
... Removed 27 stack frames]]>
    </failure>
  </testcase> <!-- testSpecialCharactersInCredentials -->
  <testcase classname="com.arieh.tests.Arieh_UAT_LoginPageTest" name="testValidCredentials" time="4.363"/>
  <testcase classname="com.arieh.tests.Arieh_UAT_LoginPageTest" name="testWithCopyrightName" time="0.026"/>
  <testcase classname="com.arieh.tests.Arieh_UAT_LoginPageTest" name="testWithEmailClick" time="0.032"/>
  <testcase classname="com.arieh.tests.Arieh_UAT_LoginPageTest" name="testWithIncorrectOtp" time="13.423">
    <failure type="org.openqa.selenium.TimeoutException" message="Expected condition failed: waiting for presence of element located by: By.id: otp (tried for 10 second(s) with 500 milliseconds interval)">
      <![CDATA[org.openqa.selenium.TimeoutException: Expected condition failed: waiting for presence of element located by: By.id: otp (tried for 10 second(s) with 500 milliseconds interval)
at org.openqa.selenium.support.ui.WebDriverWait.timeoutException(WebDriverWait.java:84)
at org.openqa.selenium.support.ui.FluentWait.until(FluentWait.java:228)
at com.utils.WaitUtilities.waitForPresence(WaitUtilities.java:42)
at com.pages.Arieh_UAT_LoginPage.enterIncorrectOtp(Arieh_UAT_LoginPage.java:104)
at com.pages.Arieh_UAT_LoginPage.verifyWithIncorrectOtp(Arieh_UAT_LoginPage.java:114)
at com.arieh.tests.Arieh_UAT_LoginPageTest.testWithIncorrectOtp(Arieh_UAT_LoginPageTest.java:118)
at java.base/java.util.ArrayList.forEach(ArrayList.java:1511)
Caused by: org.openqa.selenium.NoSuchElementException: no such element: Unable to locate element: {"method":"css selector","selector":"#otp"}
  (Session info: chrome=131.0.6778.86)
For documentation on this error, please visit: https://www.selenium.dev/documentation/webdriver/troubleshooting/errors#no-such-element-exception
Build info: version: '4.26.0', revision: '8ccf0219d7'
System info: os.name: 'Windows 11', os.arch: 'amd64', os.version: '10.0', java.version: '17.0.8.1'
Driver info: org.openqa.selenium.chrome.ChromeDriver
Command: [a64b433e4dd19325973519a2088b25cb, findElement {value=otp, using=id}]
Capabilities {acceptInsecureCerts: false, browserName: chrome, browserVersion: 131.0.6778.86, chrome: {chromedriverVersion: 131.0.6778.87 (ce31cae94873..., userDataDir: C:\Users\avisu\AppData\Loca...}, fedcm:accounts: true, goog:chromeOptions: {debuggerAddress: localhost:54942}, networkConnectionEnabled: false, pageLoadStrategy: normal, platformName: windows, proxy: Proxy(), se:cdp: ws://localhost:54942/devtoo..., se:cdpVersion: 131.0.6778.86, setWindowRect: true, strictFileInteractability: false, timeouts: {implicit: 0, pageLoad: 300000, script: 30000}, unhandledPromptBehavior: dismiss and notify, webauthn:extension:credBlob: true, webauthn:extension:largeBlob: true, webauthn:extension:minPinLength: true, webauthn:extension:prf: true, webauthn:virtualAuthenticators: true}
Session ID: a64b433e4dd19325973519a2088b25cb
at org.openqa.selenium.remote.ErrorCodec.decode(ErrorCodec.java:167)
at org.openqa.selenium.remote.codec.w3c.W3CHttpResponseCodec.decode(W3CHttpResponseCodec.java:138)
at org.openqa.selenium.remote.codec.w3c.W3CHttpResponseCodec.decode(W3CHttpResponseCodec.java:50)
at org.openqa.selenium.remote.HttpCommandExecutor.execute(HttpCommandExecutor.java:190)
at org.openqa.selenium.remote.service.DriverCommandExecutor.invokeExecute(DriverCommandExecutor.java:216)
at org.openqa.selenium.remote.service.DriverCommandExecutor.execute(DriverCommandExecutor.java:174)
at org.openqa.selenium.remote.RemoteWebDriver.execute(RemoteWebDriver.java:545)
at org.openqa.selenium.remote.ElementLocation$ElementFinder$2.findElement(ElementLocation.java:165)
at org.openqa.selenium.remote.ElementLocation.findElement(ElementLocation.java:59)
at org.openqa.selenium.remote.RemoteWebDriver.findElement(RemoteWebDriver.java:368)
at org.openqa.selenium.remote.RemoteWebDriver.findElement(RemoteWebDriver.java:362)
at org.openqa.selenium.support.ui.ExpectedConditions$6.apply(ExpectedConditions.java:171)
at org.openqa.selenium.support.ui.ExpectedConditions$6.apply(ExpectedConditions.java:168)
at org.openqa.selenium.support.ui.FluentWait.until(FluentWait.java:203)
... 32 more
... Removed 31 stack frames]]>
    </failure>
  </testcase> <!-- testWithIncorrectOtp -->
  <testcase classname="com.arieh.tests.Arieh_UAT_LoginPageTest" name="testWithLoginLabel" time="0.042"/>
  <testcase classname="com.arieh.tests.Arieh_UAT_LoginPageTest" name="testWithSupplierOTP" time="13.362">
    <failure type="org.openqa.selenium.TimeoutException" message="Expected condition failed: waiting for presence of element located by: By.id: otp (tried for 10 second(s) with 500 milliseconds interval)">
      <![CDATA[org.openqa.selenium.TimeoutException: Expected condition failed: waiting for presence of element located by: By.id: otp (tried for 10 second(s) with 500 milliseconds interval)
at org.openqa.selenium.support.ui.WebDriverWait.timeoutException(WebDriverWait.java:84)
at org.openqa.selenium.support.ui.FluentWait.until(FluentWait.java:228)
at com.utils.WaitUtilities.waitForPresence(WaitUtilities.java:42)
at com.pages.Arieh_UAT_LoginPage.enterOtp(Arieh_UAT_LoginPage.java:97)
at com.pages.Arieh_UAT_LoginPage.loginToSupplierDashBoard(Arieh_UAT_LoginPage.java:122)
at com.arieh.tests.Arieh_UAT_LoginPageTest.testWithSupplierOTP(Arieh_UAT_LoginPageTest.java:109)
at java.base/java.util.ArrayList.forEach(ArrayList.java:1511)
Caused by: org.openqa.selenium.NoSuchElementException: no such element: Unable to locate element: {"method":"css selector","selector":"#otp"}
  (Session info: chrome=131.0.6778.86)
For documentation on this error, please visit: https://www.selenium.dev/documentation/webdriver/troubleshooting/errors#no-such-element-exception
Build info: version: '4.26.0', revision: '8ccf0219d7'
System info: os.name: 'Windows 11', os.arch: 'amd64', os.version: '10.0', java.version: '17.0.8.1'
Driver info: org.openqa.selenium.chrome.ChromeDriver
Command: [46276f15e02adaf0ae8113c812d3831b, findElement {value=otp, using=id}]
Capabilities {acceptInsecureCerts: false, browserName: chrome, browserVersion: 131.0.6778.86, chrome: {chromedriverVersion: 131.0.6778.87 (ce31cae94873..., userDataDir: C:\Users\avisu\AppData\Loca...}, fedcm:accounts: true, goog:chromeOptions: {debuggerAddress: localhost:55000}, networkConnectionEnabled: false, pageLoadStrategy: normal, platformName: windows, proxy: Proxy(), se:cdp: ws://localhost:55000/devtoo..., se:cdpVersion: 131.0.6778.86, setWindowRect: true, strictFileInteractability: false, timeouts: {implicit: 0, pageLoad: 300000, script: 30000}, unhandledPromptBehavior: dismiss and notify, webauthn:extension:credBlob: true, webauthn:extension:largeBlob: true, webauthn:extension:minPinLength: true, webauthn:extension:prf: true, webauthn:virtualAuthenticators: true}
Session ID: 46276f15e02adaf0ae8113c812d3831b
at org.openqa.selenium.remote.ErrorCodec.decode(ErrorCodec.java:167)
at org.openqa.selenium.remote.codec.w3c.W3CHttpResponseCodec.decode(W3CHttpResponseCodec.java:138)
at org.openqa.selenium.remote.codec.w3c.W3CHttpResponseCodec.decode(W3CHttpResponseCodec.java:50)
at org.openqa.selenium.remote.HttpCommandExecutor.execute(HttpCommandExecutor.java:190)
at org.openqa.selenium.remote.service.DriverCommandExecutor.invokeExecute(DriverCommandExecutor.java:216)
at org.openqa.selenium.remote.service.DriverCommandExecutor.execute(DriverCommandExecutor.java:174)
at org.openqa.selenium.remote.RemoteWebDriver.execute(RemoteWebDriver.java:545)
at org.openqa.selenium.remote.ElementLocation$ElementFinder$2.findElement(ElementLocation.java:165)
at org.openqa.selenium.remote.ElementLocation.findElement(ElementLocation.java:59)
at org.openqa.selenium.remote.RemoteWebDriver.findElement(RemoteWebDriver.java:368)
at org.openqa.selenium.remote.RemoteWebDriver.findElement(RemoteWebDriver.java:362)
at org.openqa.selenium.support.ui.ExpectedConditions$6.apply(ExpectedConditions.java:171)
at org.openqa.selenium.support.ui.ExpectedConditions$6.apply(ExpectedConditions.java:168)
at org.openqa.selenium.support.ui.FluentWait.until(FluentWait.java:203)
... 32 more
... Removed 31 stack frames]]>
    </failure>
  </testcase> <!-- testWithSupplierOTP -->
  <testcase classname="com.arieh.base.TestBase_Arieh" name="@BeforeSuite cleanAllureResults" time="0.0">
    <ignored/>
  </testcase> <!-- @BeforeSuite cleanAllureResults -->
  <testcase classname="com.arieh.base.TestBase_Arieh" name="@BeforeSuite cleanAllureResults" time="0.0">
    <ignored/>
  </testcase> <!-- @BeforeSuite cleanAllureResults -->
  <testcase classname="com.arieh.base.TestBase_Arieh" name="@BeforeSuite cleanAllureResults" time="0.0">
    <ignored/>
  </testcase> <!-- @BeforeSuite cleanAllureResults -->
  <testcase classname="com.arieh.base.TestBase_Arieh" name="@BeforeSuite cleanAllureResults" time="0.0">
    <ignored/>
  </testcase> <!-- @BeforeSuite cleanAllureResults -->
  <testcase classname="com.arieh.base.TestBase_Arieh" name="@BeforeSuite cleanAllureResults" time="0.0">
    <ignored/>
  </testcase> <!-- @BeforeSuite cleanAllureResults -->
  <testcase classname="com.arieh.base.TestBase_Arieh" name="@BeforeSuite cleanAllureResults" time="0.0">
    <ignored/>
  </testcase> <!-- @BeforeSuite cleanAllureResults -->
  <testcase classname="com.arieh.base.TestBase_Arieh" name="@BeforeSuite cleanAllureResults" time="0.0">
    <ignored/>
  </testcase> <!-- @BeforeSuite cleanAllureResults -->
</testsuite> <!-- Test -->
