<?xml version="1.0" encoding="UTF-8"?>
<testng-results ignored="0" total="1" passed="1" failed="0" skipped="0">
  <reporter-output>
  </reporter-output>
  <suite started-at="2024-11-13T11:03:04 IST" name="Default suite" finished-at="2024-11-13T11:03:06 IST" duration-ms="1794">
    <groups>
    </groups>
    <test started-at="2024-11-13T11:03:04 IST" name="Default test" finished-at="2024-11-13T11:03:06 IST" duration-ms="1794">
      <class name="com.arieh.tests.Arieh_UAT_ResidualPageTest">
        <test-method signature="testWithOtpRetireve()[pri:0, instance:com.arieh.tests.Arieh_UAT_ResidualPageTest@31ff43be]" started-at="2024-11-13T11:03:04 IST" name="testWithOtpRetireve" finished-at="2024-11-13T11:03:06 IST" duration-ms="1718" status="PASS">
          <reporter-output>
          </reporter-output>
        </test-method> <!-- testWithOtpRetireve -->
      </class> <!-- com.arieh.tests.Arieh_UAT_ResidualPageTest -->
    </test> <!-- Default test -->
  </suite> <!-- Default suite -->
</testng-results>
